The system is: Linux - 5.13.0-37-generic - x86_64
Compiling the CXX compiler identification source file "CMakeCXXCompilerId.cpp" succeeded.
Compiler: /home/fabio/projects/ComputeCpp-experimental-CE-2.11.0-x86_64-linux-gnu/bin/clang++ 
Build flags: 
Id flags:  

The output was:
0


Compilation of the CXX compiler identification source "CMakeCXXCompilerId.cpp" produced "a.out"

The CXX compiler identification is Clang, found in "/home/fabio/projects/sycl-blas/build_manual/CMakeFiles/3.22.1/CompilerIdCXX/a.out"

Detecting CXX compiler ABI info compiled with the following output:
Change Dir: /home/fabio/projects/sycl-blas/build_manual/CMakeFiles/CMakeTmp

Run Build Command(s):/usr/bin/ninja cmTC_b17ca && [1/2] Building CXX object CMakeFiles/cmTC_b17ca.dir/CMakeCXXCompilerABI.cpp.o
Codeplay ComputeCpp - CE 2.11.0 Device Compiler (Experimental) - clang version 15.0.0
Target: x86_64-unknown-linux-gnu
Thread model: posix
InstalledDir: /home/fabio/projects/ComputeCpp-experimental-CE-2.11.0-x86_64-linux-gnu/bin
Found candidate GCC installation: /usr/lib/gcc/x86_64-linux-gnu/11
Found candidate GCC installation: /usr/lib/gcc/x86_64-linux-gnu/9
Selected GCC installation: /usr/lib/gcc/x86_64-linux-gnu/11
Candidate multilib: .;@m64
Candidate multilib: 32;@m32
Candidate multilib: x32;@mx32
Selected multilib: .;@m64
 (in-process)
 "/home/fabio/projects/ComputeCpp-experimental-CE-2.11.0-x86_64-linux-gnu/bin/clang-15" -cc1 -triple x86_64-unknown-linux-gnu -emit-obj -mrelax-all --mrelax-relocations -disable-free -clear-ast-before-backend -disable-llvm-verifier -discard-value-names -main-file-name CMakeCXXCompilerABI.cpp -mrelocation-model pic -pic-level 2 -pic-is-pie -mframe-pointer=all -fmath-errno -ffp-contract=on -fno-rounding-math -mconstructor-aliases -funwind-tables=2 -target-cpu x86-64 -tune-cpu generic -mllvm -treat-scalable-fixed-error-as-warning -debugger-tuning=gdb -v -fcoverage-compilation-dir=/home/fabio/projects/sycl-blas/build_manual/CMakeFiles/CMakeTmp -resource-dir /home/fabio/projects/ComputeCpp-experimental-CE-2.11.0-x86_64-linux-gnu/lib/clang/15.0.0 -dependency-file CMakeFiles/cmTC_b17ca.dir/CMakeCXXCompilerABI.cpp.o.d -MT CMakeFiles/cmTC_b17ca.dir/CMakeCXXCompilerABI.cpp.o -sys-header-deps -I/opt/intel/oneapi/vpl/2022.2.0/include -I/opt/intel/oneapi/tbb/2021.7.0/env/../include -I/opt/intel/oneapi/mpi/2021.7.0//include -I/opt/intel/oneapi/mkl/2022.2.0/include -I/opt/intel/oneapi/ipp/2021.6.1/include -I/opt/intel/oneapi/ippcp/2021.6.1/include -I/opt/intel/oneapi/ipp/2021.6.1/include -I/opt/intel/oneapi/dpl/2021.7.1/linux/include -I/opt/intel/oneapi/dpcpp-ct/2022.2.0/include -I/opt/intel/oneapi/dnnl/2022.2.0/cpu_dpcpp_gpu_dpcpp/include -I/opt/intel/oneapi/dev-utilities/2021.7.0/include -I/opt/intel/oneapi/dal/2021.7.0/include -I/opt/intel/oneapi/ccl/2021.7.0/include/cpu_gpu_dpcpp -internal-isystem /usr/lib/gcc/x86_64-linux-gnu/11/../../../../include/c++/11 -internal-isystem /usr/lib/gcc/x86_64-linux-gnu/11/../../../../include/x86_64-linux-gnu/c++/11 -internal-isystem /usr/lib/gcc/x86_64-linux-gnu/11/../../../../include/c++/11/backward -internal-isystem /home/fabio/projects/ComputeCpp-experimental-CE-2.11.0-x86_64-linux-gnu/lib/clang/15.0.0/include -internal-isystem /usr/local/include -internal-isystem /usr/lib/gcc/x86_64-linux-gnu/11/../../../../x86_64-linux-gnu/include -internal-externc-isystem /usr/include/x86_64-linux-gnu -internal-externc-isystem /include -internal-externc-isystem /usr/include -fdeprecated-macro -fdebug-compilation-dir=/home/fabio/projects/sycl-blas/build_manual/CMakeFiles/CMakeTmp -ferror-limit 19 -fgnuc-version=4.2.1 -no-opaque-pointers -fcxx-exceptions -fexceptions -faddrsig -D__GCC_HAVE_DWARF2_CFI_ASM=1 -o CMakeFiles/cmTC_b17ca.dir/CMakeCXXCompilerABI.cpp.o -x c++ /usr/share/cmake-3.22/Modules/CMakeCXXCompilerABI.cpp
clang -cc1 version 15.0.0 based upon LLVM 15.0.0git default target x86_64-unknown-linux-gnu
ignoring nonexistent directory "/usr/lib/gcc/x86_64-linux-gnu/11/../../../../x86_64-linux-gnu/include"
ignoring nonexistent directory "/include"
ignoring duplicate directory "/opt/intel/oneapi/ipp/2021.6.1/include"
#include "..." search starts here:
#include <...> search starts here:
 /opt/intel/oneapi/vpl/2022.2.0/include
 /opt/intel/oneapi/tbb/2021.7.0/env/../include
 /opt/intel/oneapi/mpi/2021.7.0//include
 /opt/intel/oneapi/mkl/2022.2.0/include
 /opt/intel/oneapi/ipp/2021.6.1/include
 /opt/intel/oneapi/ippcp/2021.6.1/include
 /opt/intel/oneapi/dpl/2021.7.1/linux/include
 /opt/intel/oneapi/dpcpp-ct/2022.2.0/include
 /opt/intel/oneapi/dnnl/2022.2.0/cpu_dpcpp_gpu_dpcpp/include
 /opt/intel/oneapi/dev-utilities/2021.7.0/include
 /opt/intel/oneapi/dal/2021.7.0/include
 /opt/intel/oneapi/ccl/2021.7.0/include/cpu_gpu_dpcpp
 /usr/lib/gcc/x86_64-linux-gnu/11/../../../../include/c++/11
 /usr/lib/gcc/x86_64-linux-gnu/11/../../../../include/x86_64-linux-gnu/c++/11
 /usr/lib/gcc/x86_64-linux-gnu/11/../../../../include/c++/11/backward
 /home/fabio/projects/ComputeCpp-experimental-CE-2.11.0-x86_64-linux-gnu/lib/clang/15.0.0/include
 /usr/local/include
 /usr/include/x86_64-linux-gnu
 /usr/include
End of search list.
[2/2] Linking CXX executable cmTC_b17ca
Codeplay ComputeCpp - CE 2.11.0 Device Compiler (Experimental) - clang version 15.0.0
Target: x86_64-unknown-linux-gnu
Thread model: posix
InstalledDir: /home/fabio/projects/ComputeCpp-experimental-CE-2.11.0-x86_64-linux-gnu/bin
Found candidate GCC installation: /usr/lib/gcc/x86_64-linux-gnu/11
Found candidate GCC installation: /usr/lib/gcc/x86_64-linux-gnu/9
Selected GCC installation: /usr/lib/gcc/x86_64-linux-gnu/11
Candidate multilib: .;@m64
Candidate multilib: 32;@m32
Candidate multilib: x32;@mx32
Selected multilib: .;@m64
 "/usr/bin/ld" -pie -z relro --hash-style=gnu --eh-frame-hdr -m elf_x86_64 -dynamic-linker /lib64/ld-linux-x86-64.so.2 -o cmTC_b17ca /lib/x86_64-linux-gnu/Scrt1.o /lib/x86_64-linux-gnu/crti.o /usr/lib/gcc/x86_64-linux-gnu/11/crtbeginS.o -L/usr/lib/gcc/x86_64-linux-gnu/11 -L/usr/lib/gcc/x86_64-linux-gnu/11/../../../../lib64 -L/lib/x86_64-linux-gnu -L/lib/../lib64 -L/usr/lib/x86_64-linux-gnu -L/usr/lib/../lib64 -L/lib -L/usr/lib -L/opt/intel/oneapi/vpl/2022.2.0/lib -L/opt/intel/oneapi/tbb/2021.7.0/env/../lib/intel64/gcc4.8 -L/opt/intel/oneapi/mpi/2021.7.0//libfabric/lib -L/opt/intel/oneapi/mpi/2021.7.0//lib/release -L/opt/intel/oneapi/mpi/2021.7.0//lib -L/opt/intel/oneapi/mkl/2022.2.0/lib/intel64 -L/opt/intel/oneapi/ipp/2021.6.1/lib/intel64 -L/opt/intel/oneapi/ippcp/2021.6.1/lib/intel64 -L/opt/intel/oneapi/ipp/2021.6.1/lib/intel64 -L/opt/intel/oneapi/dnnl/2022.2.0/cpu_dpcpp_gpu_dpcpp/lib -L/opt/intel/oneapi/dal/2021.7.0/lib/intel64 -L/opt/intel/oneapi/compiler/2022.2.0/linux/compiler/lib/intel64_lin -L/opt/intel/oneapi/compiler/2022.2.0/linux/lib -L/opt/intel/oneapi/ccl/2021.7.0/lib/cpu_gpu_dpcpp CMakeFiles/cmTC_b17ca.dir/CMakeCXXCompilerABI.cpp.o -lstdc++ -lm -lgcc_s -lgcc -lc -lgcc_s -lgcc /usr/lib/gcc/x86_64-linux-gnu/11/crtendS.o /lib/x86_64-linux-gnu/crtn.o



Parsed CXX implicit include dir info from above output: rv=done
  found start of include info
  found start of implicit include info
    add: [/opt/intel/oneapi/vpl/2022.2.0/include]
    add: [/opt/intel/oneapi/tbb/2021.7.0/env/../include]
    add: [/opt/intel/oneapi/mpi/2021.7.0//include]
    add: [/opt/intel/oneapi/mkl/2022.2.0/include]
    add: [/opt/intel/oneapi/ipp/2021.6.1/include]
    add: [/opt/intel/oneapi/ippcp/2021.6.1/include]
    add: [/opt/intel/oneapi/dpl/2021.7.1/linux/include]
    add: [/opt/intel/oneapi/dpcpp-ct/2022.2.0/include]
    add: [/opt/intel/oneapi/dnnl/2022.2.0/cpu_dpcpp_gpu_dpcpp/include]
    add: [/opt/intel/oneapi/dev-utilities/2021.7.0/include]
    add: [/opt/intel/oneapi/dal/2021.7.0/include]
    add: [/opt/intel/oneapi/ccl/2021.7.0/include/cpu_gpu_dpcpp]
    add: [/usr/lib/gcc/x86_64-linux-gnu/11/../../../../include/c++/11]
    add: [/usr/lib/gcc/x86_64-linux-gnu/11/../../../../include/x86_64-linux-gnu/c++/11]
    add: [/usr/lib/gcc/x86_64-linux-gnu/11/../../../../include/c++/11/backward]
    add: [/home/fabio/projects/ComputeCpp-experimental-CE-2.11.0-x86_64-linux-gnu/lib/clang/15.0.0/include]
    add: [/usr/local/include]
    add: [/usr/include/x86_64-linux-gnu]
    add: [/usr/include]
  end of search list found
  collapse include dir [/opt/intel/oneapi/vpl/2022.2.0/include] ==> [/opt/intel/oneapi/vpl/2022.2.0/include]
  collapse include dir [/opt/intel/oneapi/tbb/2021.7.0/env/../include] ==> [/opt/intel/oneapi/tbb/2021.7.0/include]
  collapse include dir [/opt/intel/oneapi/mpi/2021.7.0//include] ==> [/opt/intel/oneapi/mpi/2021.7.0/include]
  collapse include dir [/opt/intel/oneapi/mkl/2022.2.0/include] ==> [/opt/intel/oneapi/mkl/2022.2.0/include]
  collapse include dir [/opt/intel/oneapi/ipp/2021.6.1/include] ==> [/opt/intel/oneapi/ipp/2021.6.1/include]
  collapse include dir [/opt/intel/oneapi/ippcp/2021.6.1/include] ==> [/opt/intel/oneapi/ippcp/2021.6.1/include]
  collapse include dir [/opt/intel/oneapi/dpl/2021.7.1/linux/include] ==> [/opt/intel/oneapi/dpl/2021.7.1/linux/include]
  collapse include dir [/opt/intel/oneapi/dpcpp-ct/2022.2.0/include] ==> [/opt/intel/oneapi/dpcpp-ct/2022.2.0/include]
  collapse include dir [/opt/intel/oneapi/dnnl/2022.2.0/cpu_dpcpp_gpu_dpcpp/include] ==> [/opt/intel/oneapi/dnnl/2022.2.0/cpu_dpcpp_gpu_dpcpp/include]
  collapse include dir [/opt/intel/oneapi/dev-utilities/2021.7.0/include] ==> [/opt/intel/oneapi/dev-utilities/2021.7.0/include]
  collapse include dir [/opt/intel/oneapi/dal/2021.7.0/include] ==> [/opt/intel/oneapi/dal/2021.7.0/include]
  collapse include dir [/opt/intel/oneapi/ccl/2021.7.0/include/cpu_gpu_dpcpp] ==> [/opt/intel/oneapi/ccl/2021.7.0/include/cpu_gpu_dpcpp]
  collapse include dir [/usr/lib/gcc/x86_64-linux-gnu/11/../../../../include/c++/11] ==> [/usr/include/c++/11]
  collapse include dir [/usr/lib/gcc/x86_64-linux-gnu/11/../../../../include/x86_64-linux-gnu/c++/11] ==> [/usr/include/x86_64-linux-gnu/c++/11]
  collapse include dir [/usr/lib/gcc/x86_64-linux-gnu/11/../../../../include/c++/11/backward] ==> [/usr/include/c++/11/backward]
  collapse include dir [/home/fabio/projects/ComputeCpp-experimental-CE-2.11.0-x86_64-linux-gnu/lib/clang/15.0.0/include] ==> [/home/fabio/projects/ComputeCpp-experimental-CE-2.11.0-x86_64-linux-gnu/lib/clang/15.0.0/include]
  collapse include dir [/usr/local/include] ==> [/usr/local/include]
  collapse include dir [/usr/include/x86_64-linux-gnu] ==> [/usr/include/x86_64-linux-gnu]
  collapse include dir [/usr/include] ==> [/usr/include]
  implicit include dirs: [/opt/intel/oneapi/vpl/2022.2.0/include;/opt/intel/oneapi/tbb/2021.7.0/include;/opt/intel/oneapi/mpi/2021.7.0/include;/opt/intel/oneapi/mkl/2022.2.0/include;/opt/intel/oneapi/ipp/2021.6.1/include;/opt/intel/oneapi/ippcp/2021.6.1/include;/opt/intel/oneapi/dpl/2021.7.1/linux/include;/opt/intel/oneapi/dpcpp-ct/2022.2.0/include;/opt/intel/oneapi/dnnl/2022.2.0/cpu_dpcpp_gpu_dpcpp/include;/opt/intel/oneapi/dev-utilities/2021.7.0/include;/opt/intel/oneapi/dal/2021.7.0/include;/opt/intel/oneapi/ccl/2021.7.0/include/cpu_gpu_dpcpp;/usr/include/c++/11;/usr/include/x86_64-linux-gnu/c++/11;/usr/include/c++/11/backward;/home/fabio/projects/ComputeCpp-experimental-CE-2.11.0-x86_64-linux-gnu/lib/clang/15.0.0/include;/usr/local/include;/usr/include/x86_64-linux-gnu;/usr/include]


Parsed CXX implicit link information from above output:
  link line regex: [^( *|.*[/\])(ld\.lld|CMAKE_LINK_STARTFILE-NOTFOUND|([^/\]+-)?ld|collect2)[^/\]*( |$)]
  ignore line: [Change Dir: /home/fabio/projects/sycl-blas/build_manual/CMakeFiles/CMakeTmp]
  ignore line: []
  ignore line: [Run Build Command(s):/usr/bin/ninja cmTC_b17ca && [1/2] Building CXX object CMakeFiles/cmTC_b17ca.dir/CMakeCXXCompilerABI.cpp.o]
  ignore line: [Codeplay ComputeCpp - CE 2.11.0 Device Compiler (Experimental) - clang version 15.0.0]
  ignore line: [Target: x86_64-unknown-linux-gnu]
  ignore line: [Thread model: posix]
  ignore line: [InstalledDir: /home/fabio/projects/ComputeCpp-experimental-CE-2.11.0-x86_64-linux-gnu/bin]
  ignore line: [Found candidate GCC installation: /usr/lib/gcc/x86_64-linux-gnu/11]
  ignore line: [Found candidate GCC installation: /usr/lib/gcc/x86_64-linux-gnu/9]
  ignore line: [Selected GCC installation: /usr/lib/gcc/x86_64-linux-gnu/11]
  ignore line: [Candidate multilib: .]
  ignore line: [@m64]
  ignore line: [Candidate multilib: 32]
  ignore line: [@m32]
  ignore line: [Candidate multilib: x32]
  ignore line: [@mx32]
  ignore line: [Selected multilib: .]
  ignore line: [@m64]
  ignore line: [ (in-process)]
  ignore line: [ "/home/fabio/projects/ComputeCpp-experimental-CE-2.11.0-x86_64-linux-gnu/bin/clang-15" -cc1 -triple x86_64-unknown-linux-gnu -emit-obj -mrelax-all --mrelax-relocations -disable-free -clear-ast-before-backend -disable-llvm-verifier -discard-value-names -main-file-name CMakeCXXCompilerABI.cpp -mrelocation-model pic -pic-level 2 -pic-is-pie -mframe-pointer=all -fmath-errno -ffp-contract=on -fno-rounding-math -mconstructor-aliases -funwind-tables=2 -target-cpu x86-64 -tune-cpu generic -mllvm -treat-scalable-fixed-error-as-warning -debugger-tuning=gdb -v -fcoverage-compilation-dir=/home/fabio/projects/sycl-blas/build_manual/CMakeFiles/CMakeTmp -resource-dir /home/fabio/projects/ComputeCpp-experimental-CE-2.11.0-x86_64-linux-gnu/lib/clang/15.0.0 -dependency-file CMakeFiles/cmTC_b17ca.dir/CMakeCXXCompilerABI.cpp.o.d -MT CMakeFiles/cmTC_b17ca.dir/CMakeCXXCompilerABI.cpp.o -sys-header-deps -I/opt/intel/oneapi/vpl/2022.2.0/include -I/opt/intel/oneapi/tbb/2021.7.0/env/../include -I/opt/intel/oneapi/mpi/2021.7.0//include -I/opt/intel/oneapi/mkl/2022.2.0/include -I/opt/intel/oneapi/ipp/2021.6.1/include -I/opt/intel/oneapi/ippcp/2021.6.1/include -I/opt/intel/oneapi/ipp/2021.6.1/include -I/opt/intel/oneapi/dpl/2021.7.1/linux/include -I/opt/intel/oneapi/dpcpp-ct/2022.2.0/include -I/opt/intel/oneapi/dnnl/2022.2.0/cpu_dpcpp_gpu_dpcpp/include -I/opt/intel/oneapi/dev-utilities/2021.7.0/include -I/opt/intel/oneapi/dal/2021.7.0/include -I/opt/intel/oneapi/ccl/2021.7.0/include/cpu_gpu_dpcpp -internal-isystem /usr/lib/gcc/x86_64-linux-gnu/11/../../../../include/c++/11 -internal-isystem /usr/lib/gcc/x86_64-linux-gnu/11/../../../../include/x86_64-linux-gnu/c++/11 -internal-isystem /usr/lib/gcc/x86_64-linux-gnu/11/../../../../include/c++/11/backward -internal-isystem /home/fabio/projects/ComputeCpp-experimental-CE-2.11.0-x86_64-linux-gnu/lib/clang/15.0.0/include -internal-isystem /usr/local/include -internal-isystem /usr/lib/gcc/x86_64-linux-gnu/11/../../../../x86_64-linux-gnu/include -internal-externc-isystem /usr/include/x86_64-linux-gnu -internal-externc-isystem /include -internal-externc-isystem /usr/include -fdeprecated-macro -fdebug-compilation-dir=/home/fabio/projects/sycl-blas/build_manual/CMakeFiles/CMakeTmp -ferror-limit 19 -fgnuc-version=4.2.1 -no-opaque-pointers -fcxx-exceptions -fexceptions -faddrsig -D__GCC_HAVE_DWARF2_CFI_ASM=1 -o CMakeFiles/cmTC_b17ca.dir/CMakeCXXCompilerABI.cpp.o -x c++ /usr/share/cmake-3.22/Modules/CMakeCXXCompilerABI.cpp]
  ignore line: [clang -cc1 version 15.0.0 based upon LLVM 15.0.0git default target x86_64-unknown-linux-gnu]
  ignore line: [ignoring nonexistent directory "/usr/lib/gcc/x86_64-linux-gnu/11/../../../../x86_64-linux-gnu/include"]
  ignore line: [ignoring nonexistent directory "/include"]
  ignore line: [ignoring duplicate directory "/opt/intel/oneapi/ipp/2021.6.1/include"]
  ignore line: [#include "..." search starts here:]
  ignore line: [#include <...> search starts here:]
  ignore line: [ /opt/intel/oneapi/vpl/2022.2.0/include]
  ignore line: [ /opt/intel/oneapi/tbb/2021.7.0/env/../include]
  ignore line: [ /opt/intel/oneapi/mpi/2021.7.0//include]
  ignore line: [ /opt/intel/oneapi/mkl/2022.2.0/include]
  ignore line: [ /opt/intel/oneapi/ipp/2021.6.1/include]
  ignore line: [ /opt/intel/oneapi/ippcp/2021.6.1/include]
  ignore line: [ /opt/intel/oneapi/dpl/2021.7.1/linux/include]
  ignore line: [ /opt/intel/oneapi/dpcpp-ct/2022.2.0/include]
  ignore line: [ /opt/intel/oneapi/dnnl/2022.2.0/cpu_dpcpp_gpu_dpcpp/include]
  ignore line: [ /opt/intel/oneapi/dev-utilities/2021.7.0/include]
  ignore line: [ /opt/intel/oneapi/dal/2021.7.0/include]
  ignore line: [ /opt/intel/oneapi/ccl/2021.7.0/include/cpu_gpu_dpcpp]
  ignore line: [ /usr/lib/gcc/x86_64-linux-gnu/11/../../../../include/c++/11]
  ignore line: [ /usr/lib/gcc/x86_64-linux-gnu/11/../../../../include/x86_64-linux-gnu/c++/11]
  ignore line: [ /usr/lib/gcc/x86_64-linux-gnu/11/../../../../include/c++/11/backward]
  ignore line: [ /home/fabio/projects/ComputeCpp-experimental-CE-2.11.0-x86_64-linux-gnu/lib/clang/15.0.0/include]
  ignore line: [ /usr/local/include]
  ignore line: [ /usr/include/x86_64-linux-gnu]
  ignore line: [ /usr/include]
  ignore line: [End of search list.]
  ignore line: [[2/2] Linking CXX executable cmTC_b17ca]
  ignore line: [Codeplay ComputeCpp - CE 2.11.0 Device Compiler (Experimental) - clang version 15.0.0]
  ignore line: [Target: x86_64-unknown-linux-gnu]
  ignore line: [Thread model: posix]
  ignore line: [InstalledDir: /home/fabio/projects/ComputeCpp-experimental-CE-2.11.0-x86_64-linux-gnu/bin]
  ignore line: [Found candidate GCC installation: /usr/lib/gcc/x86_64-linux-gnu/11]
  ignore line: [Found candidate GCC installation: /usr/lib/gcc/x86_64-linux-gnu/9]
  ignore line: [Selected GCC installation: /usr/lib/gcc/x86_64-linux-gnu/11]
  ignore line: [Candidate multilib: .]
  ignore line: [@m64]
  ignore line: [Candidate multilib: 32]
  ignore line: [@m32]
  ignore line: [Candidate multilib: x32]
  ignore line: [@mx32]
  ignore line: [Selected multilib: .]
  ignore line: [@m64]
  link line: [ "/usr/bin/ld" -pie -z relro --hash-style=gnu --eh-frame-hdr -m elf_x86_64 -dynamic-linker /lib64/ld-linux-x86-64.so.2 -o cmTC_b17ca /lib/x86_64-linux-gnu/Scrt1.o /lib/x86_64-linux-gnu/crti.o /usr/lib/gcc/x86_64-linux-gnu/11/crtbeginS.o -L/usr/lib/gcc/x86_64-linux-gnu/11 -L/usr/lib/gcc/x86_64-linux-gnu/11/../../../../lib64 -L/lib/x86_64-linux-gnu -L/lib/../lib64 -L/usr/lib/x86_64-linux-gnu -L/usr/lib/../lib64 -L/lib -L/usr/lib -L/opt/intel/oneapi/vpl/2022.2.0/lib -L/opt/intel/oneapi/tbb/2021.7.0/env/../lib/intel64/gcc4.8 -L/opt/intel/oneapi/mpi/2021.7.0//libfabric/lib -L/opt/intel/oneapi/mpi/2021.7.0//lib/release -L/opt/intel/oneapi/mpi/2021.7.0//lib -L/opt/intel/oneapi/mkl/2022.2.0/lib/intel64 -L/opt/intel/oneapi/ipp/2021.6.1/lib/intel64 -L/opt/intel/oneapi/ippcp/2021.6.1/lib/intel64 -L/opt/intel/oneapi/ipp/2021.6.1/lib/intel64 -L/opt/intel/oneapi/dnnl/2022.2.0/cpu_dpcpp_gpu_dpcpp/lib -L/opt/intel/oneapi/dal/2021.7.0/lib/intel64 -L/opt/intel/oneapi/compiler/2022.2.0/linux/compiler/lib/intel64_lin -L/opt/intel/oneapi/compiler/2022.2.0/linux/lib -L/opt/intel/oneapi/ccl/2021.7.0/lib/cpu_gpu_dpcpp CMakeFiles/cmTC_b17ca.dir/CMakeCXXCompilerABI.cpp.o -lstdc++ -lm -lgcc_s -lgcc -lc -lgcc_s -lgcc /usr/lib/gcc/x86_64-linux-gnu/11/crtendS.o /lib/x86_64-linux-gnu/crtn.o]
    arg [/usr/bin/ld] ==> ignore
    arg [-pie] ==> ignore
    arg [-zrelro] ==> ignore
    arg [--hash-style=gnu] ==> ignore
    arg [--eh-frame-hdr] ==> ignore
    arg [-m] ==> ignore
    arg [elf_x86_64] ==> ignore
    arg [-dynamic-linker] ==> ignore
    arg [/lib64/ld-linux-x86-64.so.2] ==> ignore
    arg [-o] ==> ignore
    arg [cmTC_b17ca] ==> ignore
    arg [/lib/x86_64-linux-gnu/Scrt1.o] ==> obj [/lib/x86_64-linux-gnu/Scrt1.o]
    arg [/lib/x86_64-linux-gnu/crti.o] ==> obj [/lib/x86_64-linux-gnu/crti.o]
    arg [/usr/lib/gcc/x86_64-linux-gnu/11/crtbeginS.o] ==> obj [/usr/lib/gcc/x86_64-linux-gnu/11/crtbeginS.o]
    arg [-L/usr/lib/gcc/x86_64-linux-gnu/11] ==> dir [/usr/lib/gcc/x86_64-linux-gnu/11]
    arg [-L/usr/lib/gcc/x86_64-linux-gnu/11/../../../../lib64] ==> dir [/usr/lib/gcc/x86_64-linux-gnu/11/../../../../lib64]
    arg [-L/lib/x86_64-linux-gnu] ==> dir [/lib/x86_64-linux-gnu]
    arg [-L/lib/../lib64] ==> dir [/lib/../lib64]
    arg [-L/usr/lib/x86_64-linux-gnu] ==> dir [/usr/lib/x86_64-linux-gnu]
    arg [-L/usr/lib/../lib64] ==> dir [/usr/lib/../lib64]
    arg [-L/lib] ==> dir [/lib]
    arg [-L/usr/lib] ==> dir [/usr/lib]
    arg [-L/opt/intel/oneapi/vpl/2022.2.0/lib] ==> dir [/opt/intel/oneapi/vpl/2022.2.0/lib]
    arg [-L/opt/intel/oneapi/tbb/2021.7.0/env/../lib/intel64/gcc4.8] ==> dir [/opt/intel/oneapi/tbb/2021.7.0/env/../lib/intel64/gcc4.8]
    arg [-L/opt/intel/oneapi/mpi/2021.7.0//libfabric/lib] ==> dir [/opt/intel/oneapi/mpi/2021.7.0//libfabric/lib]
    arg [-L/opt/intel/oneapi/mpi/2021.7.0//lib/release] ==> dir [/opt/intel/oneapi/mpi/2021.7.0//lib/release]
    arg [-L/opt/intel/oneapi/mpi/2021.7.0//lib] ==> dir [/opt/intel/oneapi/mpi/2021.7.0//lib]
    arg [-L/opt/intel/oneapi/mkl/2022.2.0/lib/intel64] ==> dir [/opt/intel/oneapi/mkl/2022.2.0/lib/intel64]
    arg [-L/opt/intel/oneapi/ipp/2021.6.1/lib/intel64] ==> dir [/opt/intel/oneapi/ipp/2021.6.1/lib/intel64]
    arg [-L/opt/intel/oneapi/ippcp/2021.6.1/lib/intel64] ==> dir [/opt/intel/oneapi/ippcp/2021.6.1/lib/intel64]
    arg [-L/opt/intel/oneapi/ipp/2021.6.1/lib/intel64] ==> dir [/opt/intel/oneapi/ipp/2021.6.1/lib/intel64]
    arg [-L/opt/intel/oneapi/dnnl/2022.2.0/cpu_dpcpp_gpu_dpcpp/lib] ==> dir [/opt/intel/oneapi/dnnl/2022.2.0/cpu_dpcpp_gpu_dpcpp/lib]
    arg [-L/opt/intel/oneapi/dal/2021.7.0/lib/intel64] ==> dir [/opt/intel/oneapi/dal/2021.7.0/lib/intel64]
    arg [-L/opt/intel/oneapi/compiler/2022.2.0/linux/compiler/lib/intel64_lin] ==> dir [/opt/intel/oneapi/compiler/2022.2.0/linux/compiler/lib/intel64_lin]
    arg [-L/opt/intel/oneapi/compiler/2022.2.0/linux/lib] ==> dir [/opt/intel/oneapi/compiler/2022.2.0/linux/lib]
    arg [-L/opt/intel/oneapi/ccl/2021.7.0/lib/cpu_gpu_dpcpp] ==> dir [/opt/intel/oneapi/ccl/2021.7.0/lib/cpu_gpu_dpcpp]
    arg [CMakeFiles/cmTC_b17ca.dir/CMakeCXXCompilerABI.cpp.o] ==> ignore
    arg [-lstdc++] ==> lib [stdc++]
    arg [-lm] ==> lib [m]
    arg [-lgcc_s] ==> lib [gcc_s]
    arg [-lgcc] ==> lib [gcc]
    arg [-lc] ==> lib [c]
    arg [-lgcc_s] ==> lib [gcc_s]
    arg [-lgcc] ==> lib [gcc]
    arg [/usr/lib/gcc/x86_64-linux-gnu/11/crtendS.o] ==> obj [/usr/lib/gcc/x86_64-linux-gnu/11/crtendS.o]
    arg [/lib/x86_64-linux-gnu/crtn.o] ==> obj [/lib/x86_64-linux-gnu/crtn.o]
  collapse library dir [/usr/lib/gcc/x86_64-linux-gnu/11] ==> [/usr/lib/gcc/x86_64-linux-gnu/11]
  collapse library dir [/usr/lib/gcc/x86_64-linux-gnu/11/../../../../lib64] ==> [/usr/lib64]
  collapse library dir [/lib/x86_64-linux-gnu] ==> [/lib/x86_64-linux-gnu]
  collapse library dir [/lib/../lib64] ==> [/lib64]
  collapse library dir [/usr/lib/x86_64-linux-gnu] ==> [/usr/lib/x86_64-linux-gnu]
  collapse library dir [/usr/lib/../lib64] ==> [/usr/lib64]
  collapse library dir [/lib] ==> [/lib]
  collapse library dir [/usr/lib] ==> [/usr/lib]
  collapse library dir [/opt/intel/oneapi/vpl/2022.2.0/lib] ==> [/opt/intel/oneapi/vpl/2022.2.0/lib]
  collapse library dir [/opt/intel/oneapi/tbb/2021.7.0/env/../lib/intel64/gcc4.8] ==> [/opt/intel/oneapi/tbb/2021.7.0/lib/intel64/gcc4.8]
  collapse library dir [/opt/intel/oneapi/mpi/2021.7.0//libfabric/lib] ==> [/opt/intel/oneapi/mpi/2021.7.0/libfabric/lib]
  collapse library dir [/opt/intel/oneapi/mpi/2021.7.0//lib/release] ==> [/opt/intel/oneapi/mpi/2021.7.0/lib/release]
  collapse library dir [/opt/intel/oneapi/mpi/2021.7.0//lib] ==> [/opt/intel/oneapi/mpi/2021.7.0/lib]
  collapse library dir [/opt/intel/oneapi/mkl/2022.2.0/lib/intel64] ==> [/opt/intel/oneapi/mkl/2022.2.0/lib/intel64]
  collapse library dir [/opt/intel/oneapi/ipp/2021.6.1/lib/intel64] ==> [/opt/intel/oneapi/ipp/2021.6.1/lib/intel64]
  collapse library dir [/opt/intel/oneapi/ippcp/2021.6.1/lib/intel64] ==> [/opt/intel/oneapi/ippcp/2021.6.1/lib/intel64]
  collapse library dir [/opt/intel/oneapi/ipp/2021.6.1/lib/intel64] ==> [/opt/intel/oneapi/ipp/2021.6.1/lib/intel64]
  collapse library dir [/opt/intel/oneapi/dnnl/2022.2.0/cpu_dpcpp_gpu_dpcpp/lib] ==> [/opt/intel/oneapi/dnnl/2022.2.0/cpu_dpcpp_gpu_dpcpp/lib]
  collapse library dir [/opt/intel/oneapi/dal/2021.7.0/lib/intel64] ==> [/opt/intel/oneapi/dal/2021.7.0/lib/intel64]
  collapse library dir [/opt/intel/oneapi/compiler/2022.2.0/linux/compiler/lib/intel64_lin] ==> [/opt/intel/oneapi/compiler/2022.2.0/linux/compiler/lib/intel64_lin]
  collapse library dir [/opt/intel/oneapi/compiler/2022.2.0/linux/lib] ==> [/opt/intel/oneapi/compiler/2022.2.0/linux/lib]
  collapse library dir [/opt/intel/oneapi/ccl/2021.7.0/lib/cpu_gpu_dpcpp] ==> [/opt/intel/oneapi/ccl/2021.7.0/lib/cpu_gpu_dpcpp]
  implicit libs: [stdc++;m;gcc_s;gcc;c;gcc_s;gcc]
  implicit objs: [/lib/x86_64-linux-gnu/Scrt1.o;/lib/x86_64-linux-gnu/crti.o;/usr/lib/gcc/x86_64-linux-gnu/11/crtbeginS.o;/usr/lib/gcc/x86_64-linux-gnu/11/crtendS.o;/lib/x86_64-linux-gnu/crtn.o]
  implicit dirs: [/usr/lib/gcc/x86_64-linux-gnu/11;/usr/lib64;/lib/x86_64-linux-gnu;/lib64;/usr/lib/x86_64-linux-gnu;/lib;/usr/lib;/opt/intel/oneapi/vpl/2022.2.0/lib;/opt/intel/oneapi/tbb/2021.7.0/lib/intel64/gcc4.8;/opt/intel/oneapi/mpi/2021.7.0/libfabric/lib;/opt/intel/oneapi/mpi/2021.7.0/lib/release;/opt/intel/oneapi/mpi/2021.7.0/lib;/opt/intel/oneapi/mkl/2022.2.0/lib/intel64;/opt/intel/oneapi/ipp/2021.6.1/lib/intel64;/opt/intel/oneapi/ippcp/2021.6.1/lib/intel64;/opt/intel/oneapi/dnnl/2022.2.0/cpu_dpcpp_gpu_dpcpp/lib;/opt/intel/oneapi/dal/2021.7.0/lib/intel64;/opt/intel/oneapi/compiler/2022.2.0/linux/compiler/lib/intel64_lin;/opt/intel/oneapi/compiler/2022.2.0/linux/lib;/opt/intel/oneapi/ccl/2021.7.0/lib/cpu_gpu_dpcpp]
  implicit fwks: []


Performing C++ SOURCE FILE Test has_fsycl succeeded with the following output:
Change Dir: /home/fabio/projects/sycl-blas/build_manual/CMakeFiles/CMakeTmp

Run Build Command(s):/usr/bin/ninja cmTC_5287a && [1/2] Building CXX object CMakeFiles/cmTC_5287a.dir/src.cxx.o
[2/2] Linking CXX executable cmTC_5287a


Source file was:
int main() { return 0; }
Determining if the CL_VERSION_2_2 exist passed with the following output:
Change Dir: /home/fabio/projects/sycl-blas/build_manual/CMakeFiles/CMakeTmp

Run Build Command(s):/usr/bin/ninja cmTC_de6b6 && [1/2] Building CXX object CMakeFiles/cmTC_de6b6.dir/CheckSymbolExists.cxx.o
[2/2] Linking CXX executable cmTC_de6b6


File /home/fabio/projects/sycl-blas/build_manual/CMakeFiles/CMakeTmp/CheckSymbolExists.cxx:
/* */
#include </usr/include/CL/cl.h>

int main(int argc, char** argv)
{
  (void)argv;
#ifndef CL_VERSION_2_2
  return ((int*)(&CL_VERSION_2_2))[argc];
#else
  (void)argc;
  return 0;
#endif
}
Determining if the include file pthread.h exists passed with the following output:
Change Dir: /home/fabio/projects/sycl-blas/build_manual/CMakeFiles/CMakeTmp

Run Build Command(s):/usr/bin/ninja cmTC_8ae61 && [1/2] Building CXX object CMakeFiles/cmTC_8ae61.dir/CheckIncludeFile.cxx.o
[2/2] Linking CXX executable cmTC_8ae61



Performing C++ SOURCE FILE Test CMAKE_HAVE_LIBC_PTHREAD succeeded with the following output:
Change Dir: /home/fabio/projects/sycl-blas/build_manual/CMakeFiles/CMakeTmp

Run Build Command(s):/usr/bin/ninja cmTC_7a0e1 && [1/2] Building CXX object CMakeFiles/cmTC_7a0e1.dir/src.cxx.o
[2/2] Linking CXX executable cmTC_7a0e1


Source file was:
#include <pthread.h>

static void* test_func(void* data)
{
  return data;
}

int main(void)
{
  pthread_t thread;
  pthread_create(&thread, NULL, test_func, NULL);
  pthread_detach(thread);
  pthread_cancel(thread);
  pthread_join(thread, NULL);
  pthread_atfork(NULL, NULL, NULL);
  pthread_exit(NULL);

  return 0;
}

Compiling the C compiler identification source file "CMakeCCompilerId.c" succeeded.
Compiler: /home/fabio/projects/ComputeCpp-experimental-CE-2.11.0-x86_64-linux-gnu/bin/clang 
Build flags: 
Id flags:  

The output was:
0


Compilation of the C compiler identification source "CMakeCCompilerId.c" produced "a.out"

The C compiler identification is Clang, found in "/home/fabio/projects/sycl-blas/build_manual/CMakeFiles/3.22.1/CompilerIdC/a.out"

Detecting C compiler ABI info compiled with the following output:
Change Dir: /home/fabio/projects/sycl-blas/build_manual/CMakeFiles/CMakeTmp

Run Build Command(s):/usr/bin/ninja cmTC_b86db && [1/2] Building C object CMakeFiles/cmTC_b86db.dir/CMakeCCompilerABI.c.o
Codeplay ComputeCpp - CE 2.11.0 Device Compiler (Experimental) - clang version 15.0.0
Target: x86_64-unknown-linux-gnu
Thread model: posix
InstalledDir: /home/fabio/projects/ComputeCpp-experimental-CE-2.11.0-x86_64-linux-gnu/bin
Found candidate GCC installation: /usr/lib/gcc/x86_64-linux-gnu/11
Found candidate GCC installation: /usr/lib/gcc/x86_64-linux-gnu/9
Selected GCC installation: /usr/lib/gcc/x86_64-linux-gnu/11
Candidate multilib: .;@m64
Candidate multilib: 32;@m32
Candidate multilib: x32;@mx32
Selected multilib: .;@m64
 (in-process)
 "/home/fabio/projects/ComputeCpp-experimental-CE-2.11.0-x86_64-linux-gnu/bin/clang-15" -cc1 -triple x86_64-unknown-linux-gnu -emit-obj -mrelax-all --mrelax-relocations -disable-free -clear-ast-before-backend -disable-llvm-verifier -discard-value-names -main-file-name CMakeCCompilerABI.c -mrelocation-model pic -pic-level 2 -pic-is-pie -mframe-pointer=all -fmath-errno -ffp-contract=on -fno-rounding-math -mconstructor-aliases -funwind-tables=2 -target-cpu x86-64 -tune-cpu generic -mllvm -treat-scalable-fixed-error-as-warning -debugger-tuning=gdb -v -fcoverage-compilation-dir=/home/fabio/projects/sycl-blas/build_manual/CMakeFiles/CMakeTmp -resource-dir /home/fabio/projects/ComputeCpp-experimental-CE-2.11.0-x86_64-linux-gnu/lib/clang/15.0.0 -dependency-file CMakeFiles/cmTC_b86db.dir/CMakeCCompilerABI.c.o.d -MT CMakeFiles/cmTC_b86db.dir/CMakeCCompilerABI.c.o -sys-header-deps -I/opt/intel/oneapi/vpl/2022.2.0/include -I/opt/intel/oneapi/tbb/2021.7.0/env/../include -I/opt/intel/oneapi/mpi/2021.7.0//include -I/opt/intel/oneapi/mkl/2022.2.0/include -I/opt/intel/oneapi/ipp/2021.6.1/include -I/opt/intel/oneapi/ippcp/2021.6.1/include -I/opt/intel/oneapi/ipp/2021.6.1/include -I/opt/intel/oneapi/dpl/2021.7.1/linux/include -I/opt/intel/oneapi/dpcpp-ct/2022.2.0/include -I/opt/intel/oneapi/dnnl/2022.2.0/cpu_dpcpp_gpu_dpcpp/include -I/opt/intel/oneapi/dev-utilities/2021.7.0/include -I/opt/intel/oneapi/dal/2021.7.0/include -I/opt/intel/oneapi/ccl/2021.7.0/include/cpu_gpu_dpcpp -internal-isystem /home/fabio/projects/ComputeCpp-experimental-CE-2.11.0-x86_64-linux-gnu/lib/clang/15.0.0/include -internal-isystem /usr/local/include -internal-isystem /usr/lib/gcc/x86_64-linux-gnu/11/../../../../x86_64-linux-gnu/include -internal-externc-isystem /usr/include/x86_64-linux-gnu -internal-externc-isystem /include -internal-externc-isystem /usr/include -fdebug-compilation-dir=/home/fabio/projects/sycl-blas/build_manual/CMakeFiles/CMakeTmp -ferror-limit 19 -fgnuc-version=4.2.1 -no-opaque-pointers -faddrsig -D__GCC_HAVE_DWARF2_CFI_ASM=1 -o CMakeFiles/cmTC_b86db.dir/CMakeCCompilerABI.c.o -x c /usr/share/cmake-3.22/Modules/CMakeCCompilerABI.c
clang -cc1 version 15.0.0 based upon LLVM 15.0.0git default target x86_64-unknown-linux-gnu
ignoring nonexistent directory "/usr/lib/gcc/x86_64-linux-gnu/11/../../../../x86_64-linux-gnu/include"
ignoring nonexistent directory "/include"
ignoring duplicate directory "/opt/intel/oneapi/ipp/2021.6.1/include"
#include "..." search starts here:
#include <...> search starts here:
 /opt/intel/oneapi/vpl/2022.2.0/include
 /opt/intel/oneapi/tbb/2021.7.0/env/../include
 /opt/intel/oneapi/mpi/2021.7.0//include
 /opt/intel/oneapi/mkl/2022.2.0/include
 /opt/intel/oneapi/ipp/2021.6.1/include
 /opt/intel/oneapi/ippcp/2021.6.1/include
 /opt/intel/oneapi/dpl/2021.7.1/linux/include
 /opt/intel/oneapi/dpcpp-ct/2022.2.0/include
 /opt/intel/oneapi/dnnl/2022.2.0/cpu_dpcpp_gpu_dpcpp/include
 /opt/intel/oneapi/dev-utilities/2021.7.0/include
 /opt/intel/oneapi/dal/2021.7.0/include
 /opt/intel/oneapi/ccl/2021.7.0/include/cpu_gpu_dpcpp
 /home/fabio/projects/ComputeCpp-experimental-CE-2.11.0-x86_64-linux-gnu/lib/clang/15.0.0/include
 /usr/local/include
 /usr/include/x86_64-linux-gnu
 /usr/include
End of search list.
[2/2] Linking C executable cmTC_b86db
Codeplay ComputeCpp - CE 2.11.0 Device Compiler (Experimental) - clang version 15.0.0
Target: x86_64-unknown-linux-gnu
Thread model: posix
InstalledDir: /home/fabio/projects/ComputeCpp-experimental-CE-2.11.0-x86_64-linux-gnu/bin
Found candidate GCC installation: /usr/lib/gcc/x86_64-linux-gnu/11
Found candidate GCC installation: /usr/lib/gcc/x86_64-linux-gnu/9
Selected GCC installation: /usr/lib/gcc/x86_64-linux-gnu/11
Candidate multilib: .;@m64
Candidate multilib: 32;@m32
Candidate multilib: x32;@mx32
Selected multilib: .;@m64
 "/usr/bin/ld" -pie -z relro --hash-style=gnu --eh-frame-hdr -m elf_x86_64 -dynamic-linker /lib64/ld-linux-x86-64.so.2 -o cmTC_b86db /lib/x86_64-linux-gnu/Scrt1.o /lib/x86_64-linux-gnu/crti.o /usr/lib/gcc/x86_64-linux-gnu/11/crtbeginS.o -L/usr/lib/gcc/x86_64-linux-gnu/11 -L/usr/lib/gcc/x86_64-linux-gnu/11/../../../../lib64 -L/lib/x86_64-linux-gnu -L/lib/../lib64 -L/usr/lib/x86_64-linux-gnu -L/usr/lib/../lib64 -L/lib -L/usr/lib -L/opt/intel/oneapi/vpl/2022.2.0/lib -L/opt/intel/oneapi/tbb/2021.7.0/env/../lib/intel64/gcc4.8 -L/opt/intel/oneapi/mpi/2021.7.0//libfabric/lib -L/opt/intel/oneapi/mpi/2021.7.0//lib/release -L/opt/intel/oneapi/mpi/2021.7.0//lib -L/opt/intel/oneapi/mkl/2022.2.0/lib/intel64 -L/opt/intel/oneapi/ipp/2021.6.1/lib/intel64 -L/opt/intel/oneapi/ippcp/2021.6.1/lib/intel64 -L/opt/intel/oneapi/ipp/2021.6.1/lib/intel64 -L/opt/intel/oneapi/dnnl/2022.2.0/cpu_dpcpp_gpu_dpcpp/lib -L/opt/intel/oneapi/dal/2021.7.0/lib/intel64 -L/opt/intel/oneapi/compiler/2022.2.0/linux/compiler/lib/intel64_lin -L/opt/intel/oneapi/compiler/2022.2.0/linux/lib -L/opt/intel/oneapi/ccl/2021.7.0/lib/cpu_gpu_dpcpp CMakeFiles/cmTC_b86db.dir/CMakeCCompilerABI.c.o -lgcc --as-needed -lgcc_s --no-as-needed -lc -lgcc --as-needed -lgcc_s --no-as-needed /usr/lib/gcc/x86_64-linux-gnu/11/crtendS.o /lib/x86_64-linux-gnu/crtn.o



Parsed C implicit include dir info from above output: rv=done
  found start of include info
  found start of implicit include info
    add: [/opt/intel/oneapi/vpl/2022.2.0/include]
    add: [/opt/intel/oneapi/tbb/2021.7.0/env/../include]
    add: [/opt/intel/oneapi/mpi/2021.7.0//include]
    add: [/opt/intel/oneapi/mkl/2022.2.0/include]
    add: [/opt/intel/oneapi/ipp/2021.6.1/include]
    add: [/opt/intel/oneapi/ippcp/2021.6.1/include]
    add: [/opt/intel/oneapi/dpl/2021.7.1/linux/include]
    add: [/opt/intel/oneapi/dpcpp-ct/2022.2.0/include]
    add: [/opt/intel/oneapi/dnnl/2022.2.0/cpu_dpcpp_gpu_dpcpp/include]
    add: [/opt/intel/oneapi/dev-utilities/2021.7.0/include]
    add: [/opt/intel/oneapi/dal/2021.7.0/include]
    add: [/opt/intel/oneapi/ccl/2021.7.0/include/cpu_gpu_dpcpp]
    add: [/home/fabio/projects/ComputeCpp-experimental-CE-2.11.0-x86_64-linux-gnu/lib/clang/15.0.0/include]
    add: [/usr/local/include]
    add: [/usr/include/x86_64-linux-gnu]
    add: [/usr/include]
  end of search list found
  collapse include dir [/opt/intel/oneapi/vpl/2022.2.0/include] ==> [/opt/intel/oneapi/vpl/2022.2.0/include]
  collapse include dir [/opt/intel/oneapi/tbb/2021.7.0/env/../include] ==> [/opt/intel/oneapi/tbb/2021.7.0/include]
  collapse include dir [/opt/intel/oneapi/mpi/2021.7.0//include] ==> [/opt/intel/oneapi/mpi/2021.7.0/include]
  collapse include dir [/opt/intel/oneapi/mkl/2022.2.0/include] ==> [/opt/intel/oneapi/mkl/2022.2.0/include]
  collapse include dir [/opt/intel/oneapi/ipp/2021.6.1/include] ==> [/opt/intel/oneapi/ipp/2021.6.1/include]
  collapse include dir [/opt/intel/oneapi/ippcp/2021.6.1/include] ==> [/opt/intel/oneapi/ippcp/2021.6.1/include]
  collapse include dir [/opt/intel/oneapi/dpl/2021.7.1/linux/include] ==> [/opt/intel/oneapi/dpl/2021.7.1/linux/include]
  collapse include dir [/opt/intel/oneapi/dpcpp-ct/2022.2.0/include] ==> [/opt/intel/oneapi/dpcpp-ct/2022.2.0/include]
  collapse include dir [/opt/intel/oneapi/dnnl/2022.2.0/cpu_dpcpp_gpu_dpcpp/include] ==> [/opt/intel/oneapi/dnnl/2022.2.0/cpu_dpcpp_gpu_dpcpp/include]
  collapse include dir [/opt/intel/oneapi/dev-utilities/2021.7.0/include] ==> [/opt/intel/oneapi/dev-utilities/2021.7.0/include]
  collapse include dir [/opt/intel/oneapi/dal/2021.7.0/include] ==> [/opt/intel/oneapi/dal/2021.7.0/include]
  collapse include dir [/opt/intel/oneapi/ccl/2021.7.0/include/cpu_gpu_dpcpp] ==> [/opt/intel/oneapi/ccl/2021.7.0/include/cpu_gpu_dpcpp]
  collapse include dir [/home/fabio/projects/ComputeCpp-experimental-CE-2.11.0-x86_64-linux-gnu/lib/clang/15.0.0/include] ==> [/home/fabio/projects/ComputeCpp-experimental-CE-2.11.0-x86_64-linux-gnu/lib/clang/15.0.0/include]
  collapse include dir [/usr/local/include] ==> [/usr/local/include]
  collapse include dir [/usr/include/x86_64-linux-gnu] ==> [/usr/include/x86_64-linux-gnu]
  collapse include dir [/usr/include] ==> [/usr/include]
  implicit include dirs: [/opt/intel/oneapi/vpl/2022.2.0/include;/opt/intel/oneapi/tbb/2021.7.0/include;/opt/intel/oneapi/mpi/2021.7.0/include;/opt/intel/oneapi/mkl/2022.2.0/include;/opt/intel/oneapi/ipp/2021.6.1/include;/opt/intel/oneapi/ippcp/2021.6.1/include;/opt/intel/oneapi/dpl/2021.7.1/linux/include;/opt/intel/oneapi/dpcpp-ct/2022.2.0/include;/opt/intel/oneapi/dnnl/2022.2.0/cpu_dpcpp_gpu_dpcpp/include;/opt/intel/oneapi/dev-utilities/2021.7.0/include;/opt/intel/oneapi/dal/2021.7.0/include;/opt/intel/oneapi/ccl/2021.7.0/include/cpu_gpu_dpcpp;/home/fabio/projects/ComputeCpp-experimental-CE-2.11.0-x86_64-linux-gnu/lib/clang/15.0.0/include;/usr/local/include;/usr/include/x86_64-linux-gnu;/usr/include]


Parsed C implicit link information from above output:
  link line regex: [^( *|.*[/\])(ld\.lld|CMAKE_LINK_STARTFILE-NOTFOUND|([^/\]+-)?ld|collect2)[^/\]*( |$)]
  ignore line: [Change Dir: /home/fabio/projects/sycl-blas/build_manual/CMakeFiles/CMakeTmp]
  ignore line: []
  ignore line: [Run Build Command(s):/usr/bin/ninja cmTC_b86db && [1/2] Building C object CMakeFiles/cmTC_b86db.dir/CMakeCCompilerABI.c.o]
  ignore line: [Codeplay ComputeCpp - CE 2.11.0 Device Compiler (Experimental) - clang version 15.0.0]
  ignore line: [Target: x86_64-unknown-linux-gnu]
  ignore line: [Thread model: posix]
  ignore line: [InstalledDir: /home/fabio/projects/ComputeCpp-experimental-CE-2.11.0-x86_64-linux-gnu/bin]
  ignore line: [Found candidate GCC installation: /usr/lib/gcc/x86_64-linux-gnu/11]
  ignore line: [Found candidate GCC installation: /usr/lib/gcc/x86_64-linux-gnu/9]
  ignore line: [Selected GCC installation: /usr/lib/gcc/x86_64-linux-gnu/11]
  ignore line: [Candidate multilib: .]
  ignore line: [@m64]
  ignore line: [Candidate multilib: 32]
  ignore line: [@m32]
  ignore line: [Candidate multilib: x32]
  ignore line: [@mx32]
  ignore line: [Selected multilib: .]
  ignore line: [@m64]
  ignore line: [ (in-process)]
  ignore line: [ "/home/fabio/projects/ComputeCpp-experimental-CE-2.11.0-x86_64-linux-gnu/bin/clang-15" -cc1 -triple x86_64-unknown-linux-gnu -emit-obj -mrelax-all --mrelax-relocations -disable-free -clear-ast-before-backend -disable-llvm-verifier -discard-value-names -main-file-name CMakeCCompilerABI.c -mrelocation-model pic -pic-level 2 -pic-is-pie -mframe-pointer=all -fmath-errno -ffp-contract=on -fno-rounding-math -mconstructor-aliases -funwind-tables=2 -target-cpu x86-64 -tune-cpu generic -mllvm -treat-scalable-fixed-error-as-warning -debugger-tuning=gdb -v -fcoverage-compilation-dir=/home/fabio/projects/sycl-blas/build_manual/CMakeFiles/CMakeTmp -resource-dir /home/fabio/projects/ComputeCpp-experimental-CE-2.11.0-x86_64-linux-gnu/lib/clang/15.0.0 -dependency-file CMakeFiles/cmTC_b86db.dir/CMakeCCompilerABI.c.o.d -MT CMakeFiles/cmTC_b86db.dir/CMakeCCompilerABI.c.o -sys-header-deps -I/opt/intel/oneapi/vpl/2022.2.0/include -I/opt/intel/oneapi/tbb/2021.7.0/env/../include -I/opt/intel/oneapi/mpi/2021.7.0//include -I/opt/intel/oneapi/mkl/2022.2.0/include -I/opt/intel/oneapi/ipp/2021.6.1/include -I/opt/intel/oneapi/ippcp/2021.6.1/include -I/opt/intel/oneapi/ipp/2021.6.1/include -I/opt/intel/oneapi/dpl/2021.7.1/linux/include -I/opt/intel/oneapi/dpcpp-ct/2022.2.0/include -I/opt/intel/oneapi/dnnl/2022.2.0/cpu_dpcpp_gpu_dpcpp/include -I/opt/intel/oneapi/dev-utilities/2021.7.0/include -I/opt/intel/oneapi/dal/2021.7.0/include -I/opt/intel/oneapi/ccl/2021.7.0/include/cpu_gpu_dpcpp -internal-isystem /home/fabio/projects/ComputeCpp-experimental-CE-2.11.0-x86_64-linux-gnu/lib/clang/15.0.0/include -internal-isystem /usr/local/include -internal-isystem /usr/lib/gcc/x86_64-linux-gnu/11/../../../../x86_64-linux-gnu/include -internal-externc-isystem /usr/include/x86_64-linux-gnu -internal-externc-isystem /include -internal-externc-isystem /usr/include -fdebug-compilation-dir=/home/fabio/projects/sycl-blas/build_manual/CMakeFiles/CMakeTmp -ferror-limit 19 -fgnuc-version=4.2.1 -no-opaque-pointers -faddrsig -D__GCC_HAVE_DWARF2_CFI_ASM=1 -o CMakeFiles/cmTC_b86db.dir/CMakeCCompilerABI.c.o -x c /usr/share/cmake-3.22/Modules/CMakeCCompilerABI.c]
  ignore line: [clang -cc1 version 15.0.0 based upon LLVM 15.0.0git default target x86_64-unknown-linux-gnu]
  ignore line: [ignoring nonexistent directory "/usr/lib/gcc/x86_64-linux-gnu/11/../../../../x86_64-linux-gnu/include"]
  ignore line: [ignoring nonexistent directory "/include"]
  ignore line: [ignoring duplicate directory "/opt/intel/oneapi/ipp/2021.6.1/include"]
  ignore line: [#include "..." search starts here:]
  ignore line: [#include <...> search starts here:]
  ignore line: [ /opt/intel/oneapi/vpl/2022.2.0/include]
  ignore line: [ /opt/intel/oneapi/tbb/2021.7.0/env/../include]
  ignore line: [ /opt/intel/oneapi/mpi/2021.7.0//include]
  ignore line: [ /opt/intel/oneapi/mkl/2022.2.0/include]
  ignore line: [ /opt/intel/oneapi/ipp/2021.6.1/include]
  ignore line: [ /opt/intel/oneapi/ippcp/2021.6.1/include]
  ignore line: [ /opt/intel/oneapi/dpl/2021.7.1/linux/include]
  ignore line: [ /opt/intel/oneapi/dpcpp-ct/2022.2.0/include]
  ignore line: [ /opt/intel/oneapi/dnnl/2022.2.0/cpu_dpcpp_gpu_dpcpp/include]
  ignore line: [ /opt/intel/oneapi/dev-utilities/2021.7.0/include]
  ignore line: [ /opt/intel/oneapi/dal/2021.7.0/include]
  ignore line: [ /opt/intel/oneapi/ccl/2021.7.0/include/cpu_gpu_dpcpp]
  ignore line: [ /home/fabio/projects/ComputeCpp-experimental-CE-2.11.0-x86_64-linux-gnu/lib/clang/15.0.0/include]
  ignore line: [ /usr/local/include]
  ignore line: [ /usr/include/x86_64-linux-gnu]
  ignore line: [ /usr/include]
  ignore line: [End of search list.]
  ignore line: [[2/2] Linking C executable cmTC_b86db]
  ignore line: [Codeplay ComputeCpp - CE 2.11.0 Device Compiler (Experimental) - clang version 15.0.0]
  ignore line: [Target: x86_64-unknown-linux-gnu]
  ignore line: [Thread model: posix]
  ignore line: [InstalledDir: /home/fabio/projects/ComputeCpp-experimental-CE-2.11.0-x86_64-linux-gnu/bin]
  ignore line: [Found candidate GCC installation: /usr/lib/gcc/x86_64-linux-gnu/11]
  ignore line: [Found candidate GCC installation: /usr/lib/gcc/x86_64-linux-gnu/9]
  ignore line: [Selected GCC installation: /usr/lib/gcc/x86_64-linux-gnu/11]
  ignore line: [Candidate multilib: .]
  ignore line: [@m64]
  ignore line: [Candidate multilib: 32]
  ignore line: [@m32]
  ignore line: [Candidate multilib: x32]
  ignore line: [@mx32]
  ignore line: [Selected multilib: .]
  ignore line: [@m64]
  link line: [ "/usr/bin/ld" -pie -z relro --hash-style=gnu --eh-frame-hdr -m elf_x86_64 -dynamic-linker /lib64/ld-linux-x86-64.so.2 -o cmTC_b86db /lib/x86_64-linux-gnu/Scrt1.o /lib/x86_64-linux-gnu/crti.o /usr/lib/gcc/x86_64-linux-gnu/11/crtbeginS.o -L/usr/lib/gcc/x86_64-linux-gnu/11 -L/usr/lib/gcc/x86_64-linux-gnu/11/../../../../lib64 -L/lib/x86_64-linux-gnu -L/lib/../lib64 -L/usr/lib/x86_64-linux-gnu -L/usr/lib/../lib64 -L/lib -L/usr/lib -L/opt/intel/oneapi/vpl/2022.2.0/lib -L/opt/intel/oneapi/tbb/2021.7.0/env/../lib/intel64/gcc4.8 -L/opt/intel/oneapi/mpi/2021.7.0//libfabric/lib -L/opt/intel/oneapi/mpi/2021.7.0//lib/release -L/opt/intel/oneapi/mpi/2021.7.0//lib -L/opt/intel/oneapi/mkl/2022.2.0/lib/intel64 -L/opt/intel/oneapi/ipp/2021.6.1/lib/intel64 -L/opt/intel/oneapi/ippcp/2021.6.1/lib/intel64 -L/opt/intel/oneapi/ipp/2021.6.1/lib/intel64 -L/opt/intel/oneapi/dnnl/2022.2.0/cpu_dpcpp_gpu_dpcpp/lib -L/opt/intel/oneapi/dal/2021.7.0/lib/intel64 -L/opt/intel/oneapi/compiler/2022.2.0/linux/compiler/lib/intel64_lin -L/opt/intel/oneapi/compiler/2022.2.0/linux/lib -L/opt/intel/oneapi/ccl/2021.7.0/lib/cpu_gpu_dpcpp CMakeFiles/cmTC_b86db.dir/CMakeCCompilerABI.c.o -lgcc --as-needed -lgcc_s --no-as-needed -lc -lgcc --as-needed -lgcc_s --no-as-needed /usr/lib/gcc/x86_64-linux-gnu/11/crtendS.o /lib/x86_64-linux-gnu/crtn.o]
    arg [/usr/bin/ld] ==> ignore
    arg [-pie] ==> ignore
    arg [-zrelro] ==> ignore
    arg [--hash-style=gnu] ==> ignore
    arg [--eh-frame-hdr] ==> ignore
    arg [-m] ==> ignore
    arg [elf_x86_64] ==> ignore
    arg [-dynamic-linker] ==> ignore
    arg [/lib64/ld-linux-x86-64.so.2] ==> ignore
    arg [-o] ==> ignore
    arg [cmTC_b86db] ==> ignore
    arg [/lib/x86_64-linux-gnu/Scrt1.o] ==> obj [/lib/x86_64-linux-gnu/Scrt1.o]
    arg [/lib/x86_64-linux-gnu/crti.o] ==> obj [/lib/x86_64-linux-gnu/crti.o]
    arg [/usr/lib/gcc/x86_64-linux-gnu/11/crtbeginS.o] ==> obj [/usr/lib/gcc/x86_64-linux-gnu/11/crtbeginS.o]
    arg [-L/usr/lib/gcc/x86_64-linux-gnu/11] ==> dir [/usr/lib/gcc/x86_64-linux-gnu/11]
    arg [-L/usr/lib/gcc/x86_64-linux-gnu/11/../../../../lib64] ==> dir [/usr/lib/gcc/x86_64-linux-gnu/11/../../../../lib64]
    arg [-L/lib/x86_64-linux-gnu] ==> dir [/lib/x86_64-linux-gnu]
    arg [-L/lib/../lib64] ==> dir [/lib/../lib64]
    arg [-L/usr/lib/x86_64-linux-gnu] ==> dir [/usr/lib/x86_64-linux-gnu]
    arg [-L/usr/lib/../lib64] ==> dir [/usr/lib/../lib64]
    arg [-L/lib] ==> dir [/lib]
    arg [-L/usr/lib] ==> dir [/usr/lib]
    arg [-L/opt/intel/oneapi/vpl/2022.2.0/lib] ==> dir [/opt/intel/oneapi/vpl/2022.2.0/lib]
    arg [-L/opt/intel/oneapi/tbb/2021.7.0/env/../lib/intel64/gcc4.8] ==> dir [/opt/intel/oneapi/tbb/2021.7.0/env/../lib/intel64/gcc4.8]
    arg [-L/opt/intel/oneapi/mpi/2021.7.0//libfabric/lib] ==> dir [/opt/intel/oneapi/mpi/2021.7.0//libfabric/lib]
    arg [-L/opt/intel/oneapi/mpi/2021.7.0//lib/release] ==> dir [/opt/intel/oneapi/mpi/2021.7.0//lib/release]
    arg [-L/opt/intel/oneapi/mpi/2021.7.0//lib] ==> dir [/opt/intel/oneapi/mpi/2021.7.0//lib]
    arg [-L/opt/intel/oneapi/mkl/2022.2.0/lib/intel64] ==> dir [/opt/intel/oneapi/mkl/2022.2.0/lib/intel64]
    arg [-L/opt/intel/oneapi/ipp/2021.6.1/lib/intel64] ==> dir [/opt/intel/oneapi/ipp/2021.6.1/lib/intel64]
    arg [-L/opt/intel/oneapi/ippcp/2021.6.1/lib/intel64] ==> dir [/opt/intel/oneapi/ippcp/2021.6.1/lib/intel64]
    arg [-L/opt/intel/oneapi/ipp/2021.6.1/lib/intel64] ==> dir [/opt/intel/oneapi/ipp/2021.6.1/lib/intel64]
    arg [-L/opt/intel/oneapi/dnnl/2022.2.0/cpu_dpcpp_gpu_dpcpp/lib] ==> dir [/opt/intel/oneapi/dnnl/2022.2.0/cpu_dpcpp_gpu_dpcpp/lib]
    arg [-L/opt/intel/oneapi/dal/2021.7.0/lib/intel64] ==> dir [/opt/intel/oneapi/dal/2021.7.0/lib/intel64]
    arg [-L/opt/intel/oneapi/compiler/2022.2.0/linux/compiler/lib/intel64_lin] ==> dir [/opt/intel/oneapi/compiler/2022.2.0/linux/compiler/lib/intel64_lin]
    arg [-L/opt/intel/oneapi/compiler/2022.2.0/linux/lib] ==> dir [/opt/intel/oneapi/compiler/2022.2.0/linux/lib]
    arg [-L/opt/intel/oneapi/ccl/2021.7.0/lib/cpu_gpu_dpcpp] ==> dir [/opt/intel/oneapi/ccl/2021.7.0/lib/cpu_gpu_dpcpp]
    arg [CMakeFiles/cmTC_b86db.dir/CMakeCCompilerABI.c.o] ==> ignore
    arg [-lgcc] ==> lib [gcc]
    arg [--as-needed] ==> ignore
    arg [-lgcc_s] ==> lib [gcc_s]
    arg [--no-as-needed] ==> ignore
    arg [-lc] ==> lib [c]
    arg [-lgcc] ==> lib [gcc]
    arg [--as-needed] ==> ignore
    arg [-lgcc_s] ==> lib [gcc_s]
    arg [--no-as-needed] ==> ignore
    arg [/usr/lib/gcc/x86_64-linux-gnu/11/crtendS.o] ==> obj [/usr/lib/gcc/x86_64-linux-gnu/11/crtendS.o]
    arg [/lib/x86_64-linux-gnu/crtn.o] ==> obj [/lib/x86_64-linux-gnu/crtn.o]
  collapse library dir [/usr/lib/gcc/x86_64-linux-gnu/11] ==> [/usr/lib/gcc/x86_64-linux-gnu/11]
  collapse library dir [/usr/lib/gcc/x86_64-linux-gnu/11/../../../../lib64] ==> [/usr/lib64]
  collapse library dir [/lib/x86_64-linux-gnu] ==> [/lib/x86_64-linux-gnu]
  collapse library dir [/lib/../lib64] ==> [/lib64]
  collapse library dir [/usr/lib/x86_64-linux-gnu] ==> [/usr/lib/x86_64-linux-gnu]
  collapse library dir [/usr/lib/../lib64] ==> [/usr/lib64]
  collapse library dir [/lib] ==> [/lib]
  collapse library dir [/usr/lib] ==> [/usr/lib]
  collapse library dir [/opt/intel/oneapi/vpl/2022.2.0/lib] ==> [/opt/intel/oneapi/vpl/2022.2.0/lib]
  collapse library dir [/opt/intel/oneapi/tbb/2021.7.0/env/../lib/intel64/gcc4.8] ==> [/opt/intel/oneapi/tbb/2021.7.0/lib/intel64/gcc4.8]
  collapse library dir [/opt/intel/oneapi/mpi/2021.7.0//libfabric/lib] ==> [/opt/intel/oneapi/mpi/2021.7.0/libfabric/lib]
  collapse library dir [/opt/intel/oneapi/mpi/2021.7.0//lib/release] ==> [/opt/intel/oneapi/mpi/2021.7.0/lib/release]
  collapse library dir [/opt/intel/oneapi/mpi/2021.7.0//lib] ==> [/opt/intel/oneapi/mpi/2021.7.0/lib]
  collapse library dir [/opt/intel/oneapi/mkl/2022.2.0/lib/intel64] ==> [/opt/intel/oneapi/mkl/2022.2.0/lib/intel64]
  collapse library dir [/opt/intel/oneapi/ipp/2021.6.1/lib/intel64] ==> [/opt/intel/oneapi/ipp/2021.6.1/lib/intel64]
  collapse library dir [/opt/intel/oneapi/ippcp/2021.6.1/lib/intel64] ==> [/opt/intel/oneapi/ippcp/2021.6.1/lib/intel64]
  collapse library dir [/opt/intel/oneapi/ipp/2021.6.1/lib/intel64] ==> [/opt/intel/oneapi/ipp/2021.6.1/lib/intel64]
  collapse library dir [/opt/intel/oneapi/dnnl/2022.2.0/cpu_dpcpp_gpu_dpcpp/lib] ==> [/opt/intel/oneapi/dnnl/2022.2.0/cpu_dpcpp_gpu_dpcpp/lib]
  collapse library dir [/opt/intel/oneapi/dal/2021.7.0/lib/intel64] ==> [/opt/intel/oneapi/dal/2021.7.0/lib/intel64]
  collapse library dir [/opt/intel/oneapi/compiler/2022.2.0/linux/compiler/lib/intel64_lin] ==> [/opt/intel/oneapi/compiler/2022.2.0/linux/compiler/lib/intel64_lin]
  collapse library dir [/opt/intel/oneapi/compiler/2022.2.0/linux/lib] ==> [/opt/intel/oneapi/compiler/2022.2.0/linux/lib]
  collapse library dir [/opt/intel/oneapi/ccl/2021.7.0/lib/cpu_gpu_dpcpp] ==> [/opt/intel/oneapi/ccl/2021.7.0/lib/cpu_gpu_dpcpp]
  implicit libs: [gcc;gcc_s;c;gcc;gcc_s]
  implicit objs: [/lib/x86_64-linux-gnu/Scrt1.o;/lib/x86_64-linux-gnu/crti.o;/usr/lib/gcc/x86_64-linux-gnu/11/crtbeginS.o;/usr/lib/gcc/x86_64-linux-gnu/11/crtendS.o;/lib/x86_64-linux-gnu/crtn.o]
  implicit dirs: [/usr/lib/gcc/x86_64-linux-gnu/11;/usr/lib64;/lib/x86_64-linux-gnu;/lib64;/usr/lib/x86_64-linux-gnu;/lib;/usr/lib;/opt/intel/oneapi/vpl/2022.2.0/lib;/opt/intel/oneapi/tbb/2021.7.0/lib/intel64/gcc4.8;/opt/intel/oneapi/mpi/2021.7.0/libfabric/lib;/opt/intel/oneapi/mpi/2021.7.0/lib/release;/opt/intel/oneapi/mpi/2021.7.0/lib;/opt/intel/oneapi/mkl/2022.2.0/lib/intel64;/opt/intel/oneapi/ipp/2021.6.1/lib/intel64;/opt/intel/oneapi/ippcp/2021.6.1/lib/intel64;/opt/intel/oneapi/dnnl/2022.2.0/cpu_dpcpp_gpu_dpcpp/lib;/opt/intel/oneapi/dal/2021.7.0/lib/intel64;/opt/intel/oneapi/compiler/2022.2.0/linux/compiler/lib/intel64_lin;/opt/intel/oneapi/compiler/2022.2.0/linux/lib;/opt/intel/oneapi/ccl/2021.7.0/lib/cpu_gpu_dpcpp]
  implicit fwks: []


Determining if the function shm_open exists in the rt passed with the following output:
Change Dir: /home/fabio/projects/sycl-blas/build_manual/CMakeFiles/CMakeTmp

Run Build Command(s):/usr/bin/ninja cmTC_4351a && [1/2] Building CXX object CMakeFiles/cmTC_4351a.dir/CheckFunctionExists.cxx.o
[2/2] Linking CXX executable cmTC_4351a



Performing C++ SOURCE FILE Test HAVE_CXX_FLAG_STD_CXX11 succeeded with the following output:
Change Dir: /home/fabio/projects/sycl-blas/build_manual/CMakeFiles/CMakeTmp

Run Build Command(s):/usr/bin/ninja cmTC_f8d69 && [1/2] Building CXX object CMakeFiles/cmTC_f8d69.dir/src.cxx.o
[2/2] Linking CXX executable cmTC_f8d69


Source file was:
int main() { return 0; }
Performing C++ SOURCE FILE Test HAVE_CXX_FLAG_WALL succeeded with the following output:
Change Dir: /home/fabio/projects/sycl-blas/build_manual/CMakeFiles/CMakeTmp

Run Build Command(s):/usr/bin/ninja cmTC_d96d2 && [1/2] Building CXX object CMakeFiles/cmTC_d96d2.dir/src.cxx.o
[2/2] Linking CXX executable cmTC_d96d2


Source file was:
int main() { return 0; }
Performing C++ SOURCE FILE Test HAVE_CXX_FLAG_WEXTRA succeeded with the following output:
Change Dir: /home/fabio/projects/sycl-blas/build_manual/CMakeFiles/CMakeTmp

Run Build Command(s):/usr/bin/ninja cmTC_0986c && [1/2] Building CXX object CMakeFiles/cmTC_0986c.dir/src.cxx.o
[2/2] Linking CXX executable cmTC_0986c


Source file was:
int main() { return 0; }
Performing C++ SOURCE FILE Test HAVE_CXX_FLAG_WSHADOW succeeded with the following output:
Change Dir: /home/fabio/projects/sycl-blas/build_manual/CMakeFiles/CMakeTmp

Run Build Command(s):/usr/bin/ninja cmTC_585f5 && [1/2] Building CXX object CMakeFiles/cmTC_585f5.dir/src.cxx.o
[2/2] Linking CXX executable cmTC_585f5


Source file was:
int main() { return 0; }
Performing C++ SOURCE FILE Test HAVE_CXX_FLAG_WERROR succeeded with the following output:
Change Dir: /home/fabio/projects/sycl-blas/build_manual/CMakeFiles/CMakeTmp

Run Build Command(s):/usr/bin/ninja cmTC_248c9 && [1/2] Building CXX object CMakeFiles/cmTC_248c9.dir/src.cxx.o
[2/2] Linking CXX executable cmTC_248c9


Source file was:
int main() { return 0; }
Performing C++ SOURCE FILE Test HAVE_CXX_FLAG_WSUGGEST_OVERRIDE succeeded with the following output:
Change Dir: /home/fabio/projects/sycl-blas/build_manual/CMakeFiles/CMakeTmp

Run Build Command(s):/usr/bin/ninja cmTC_c00f7 && [1/2] Building CXX object CMakeFiles/cmTC_c00f7.dir/src.cxx.o
[2/2] Linking CXX executable cmTC_c00f7


Source file was:
int main() { return 0; }
Performing C++ SOURCE FILE Test HAVE_CXX_FLAG_PEDANTIC succeeded with the following output:
Change Dir: /home/fabio/projects/sycl-blas/build_manual/CMakeFiles/CMakeTmp

Run Build Command(s):/usr/bin/ninja cmTC_0bac3 && [1/2] Building CXX object CMakeFiles/cmTC_0bac3.dir/src.cxx.o
[2/2] Linking CXX executable cmTC_0bac3


Source file was:
int main() { return 0; }
Performing C++ SOURCE FILE Test HAVE_CXX_FLAG_PEDANTIC_ERRORS succeeded with the following output:
Change Dir: /home/fabio/projects/sycl-blas/build_manual/CMakeFiles/CMakeTmp

Run Build Command(s):/usr/bin/ninja cmTC_adaa7 && [1/2] Building CXX object CMakeFiles/cmTC_adaa7.dir/src.cxx.o
[2/2] Linking CXX executable cmTC_adaa7


Source file was:
int main() { return 0; }
Performing C++ SOURCE FILE Test HAVE_CXX_FLAG_WSHORTEN_64_TO_32 succeeded with the following output:
Change Dir: /home/fabio/projects/sycl-blas/build_manual/CMakeFiles/CMakeTmp

Run Build Command(s):/usr/bin/ninja cmTC_2e277 && [1/2] Building CXX object CMakeFiles/cmTC_2e277.dir/src.cxx.o
[2/2] Linking CXX executable cmTC_2e277


Source file was:
int main() { return 0; }
Performing C++ SOURCE FILE Test HAVE_CXX_FLAG_FSTRICT_ALIASING succeeded with the following output:
Change Dir: /home/fabio/projects/sycl-blas/build_manual/CMakeFiles/CMakeTmp

Run Build Command(s):/usr/bin/ninja cmTC_8c6f8 && [1/2] Building CXX object CMakeFiles/cmTC_8c6f8.dir/src.cxx.o
[2/2] Linking CXX executable cmTC_8c6f8


Source file was:
int main() { return 0; }
Performing C++ SOURCE FILE Test HAVE_CXX_FLAG_WNO_DEPRECATED_DECLARATIONS succeeded with the following output:
Change Dir: /home/fabio/projects/sycl-blas/build_manual/CMakeFiles/CMakeTmp

Run Build Command(s):/usr/bin/ninja cmTC_86603 && [1/2] Building CXX object CMakeFiles/cmTC_86603.dir/src.cxx.o
[2/2] Linking CXX executable cmTC_86603


Source file was:
int main() { return 0; }
Performing C++ SOURCE FILE Test HAVE_CXX_FLAG_WNO_DEPRECATED succeeded with the following output:
Change Dir: /home/fabio/projects/sycl-blas/build_manual/CMakeFiles/CMakeTmp

Run Build Command(s):/usr/bin/ninja cmTC_ba68c && [1/2] Building CXX object CMakeFiles/cmTC_ba68c.dir/src.cxx.o
[2/2] Linking CXX executable cmTC_ba68c


Source file was:
int main() { return 0; }
Performing C++ SOURCE FILE Test HAVE_CXX_FLAG_WSTRICT_ALIASING succeeded with the following output:
Change Dir: /home/fabio/projects/sycl-blas/build_manual/CMakeFiles/CMakeTmp

Run Build Command(s):/usr/bin/ninja cmTC_0bcae && [1/2] Building CXX object CMakeFiles/cmTC_0bcae.dir/src.cxx.o
[2/2] Linking CXX executable cmTC_0bcae


Source file was:
int main() { return 0; }
Performing C++ SOURCE FILE Test HAVE_CXX_FLAG_WTHREAD_SAFETY succeeded with the following output:
Change Dir: /home/fabio/projects/sycl-blas/build_manual/CMakeFiles/CMakeTmp

Run Build Command(s):/usr/bin/ninja cmTC_14a5a && [1/2] Building CXX object CMakeFiles/cmTC_14a5a.dir/src.cxx.o
[2/2] Linking CXX executable cmTC_14a5a


Source file was:
int main() { return 0; }
